<?xml version="1.0" encoding="UTF-8"?>
<!-- Generated by org.testng.reporters.JUnitReportReporter -->
<testsuite hostname="Prashant" failures="0" tests="4" name="testPackage.SearchTransactionScenarios" time="49.944" errors="0" timestamp="2022-07-27T01:02:28 IST" skipped="0">
  <testcase classname="testPackage.SearchTransactionScenarios" name="findTransactionById" time="10.846"/>
  <system-out/>
  <testcase classname="testPackage.SearchTransactionScenarios" name="findTransactionByAmount" time="15.246"/>
  <system-out/>
  <testcase classname="testPackage.SearchTransactionScenarios" name="findTransactionByDate" time="11.779"/>
  <system-out/>
  <testcase classname="testPackage.SearchTransactionScenarios" name="findTransactionByDateRange" time="12.073"/>
  <system-out/>
</testsuite> <!-- testPackage.SearchTransactionScenarios -->
