<?xml version="1.0" encoding="UTF-8"?>
<!-- Generated by org.testng.reporters.JUnitReportReporter -->
<testsuite hostname="Prashant" failures="0" tests="3" name="paraBankApplication.TransferFundsScenarios" time="41.598" errors="0" timestamp="2022-07-20T10:38:35 IST" skipped="0">
  <testcase classname="paraBankApplication.TransferFundsScenarios" name="emptyAmountTransfer" time="14.136"/>
  <system-out/>
  <testcase classname="paraBankApplication.TransferFundsScenarios" name="defaultAccountsTransferFunds" time="11.621"/>
  <system-out/>
  <testcase classname="paraBankApplication.TransferFundsScenarios" name="intraTransferFund" time="15.841"/>
  <system-out/>
</testsuite> <!-- paraBankApplication.TransferFundsScenarios -->
