<?xml version="1.0" encoding="UTF-8"?>
<!-- Generated by org.testng.reporters.JUnitReportReporter -->
<testsuite hostname="Prashant" failures="0" tests="1" name="testPackage.TransferFundsScenarios" time="20.587" errors="0" timestamp="2022-07-28T22:09:54 IST" skipped="0">
  <testcase classname="testPackage.TransferFundsScenarios" name="emptyAmountTransfer" time="20.587"/>
  <system-out/>
</testsuite> <!-- testPackage.TransferFundsScenarios -->
