<?xml version="1.0" encoding="UTF-8"?>
<!-- Generated by org.testng.reporters.JUnitReportReporter -->
<testsuite hostname="Prashant" failures="0" tests="1" name="paraBankApplication.SearchTransactionScenarios" time="15.061" errors="0" timestamp="2022-07-18T22:52:50 IST" skipped="0">
  <testcase classname="paraBankApplication.SearchTransactionScenarios" name="findTransactionById" time="15.061"/>
  <system-out/>
</testsuite> <!-- paraBankApplication.SearchTransactionScenarios -->
