<?xml version="1.0" encoding="UTF-8"?>
<!-- Generated by org.testng.reporters.JUnitReportReporter -->
<testsuite hostname="Prashant" failures="0" tests="3" name="paraBankApplication.TransferFundsScenarios" time="46.334" errors="0" timestamp="2022-07-18T22:59:34 IST" skipped="0">
  <testcase classname="paraBankApplication.TransferFundsScenarios" name="defaultAccountsTransferFunds" time="14.824"/>
  <system-out/>
  <testcase classname="paraBankApplication.TransferFundsScenarios" name="emptyAmountTransfer" time="12.511"/>
  <system-out/>
  <testcase classname="paraBankApplication.TransferFundsScenarios" name="intraTransferFund" time="18.999"/>
  <system-out/>
</testsuite> <!-- paraBankApplication.TransferFundsScenarios -->
