<?xml version="1.0" encoding="UTF-8"?>
<!-- Generated by org.testng.reporters.JUnitReportReporter -->
<testsuite hostname="Prashant" failures="0" tests="5" name="loginScenario.verifyLoginScenario" time="183.938" errors="0" timestamp="2022-07-20T11:03:20 IST" skipped="0">
  <testcase classname="loginScenario.verifyLoginScenario" name="verifyEmptyCrdential" time="29.460"/>
  <system-out/>
  <testcase classname="loginScenario.verifyLoginScenario" name="verifyLogout" time="24.235"/>
  <system-out/>
  <testcase classname="loginScenario.verifyLoginScenario" name="verifyFortgotPassword" time="13.851"/>
  <system-out/>
  <testcase classname="loginScenario.verifyLoginScenario" name="verifyWrongUsernameAndPassword" time="99.819"/>
  <system-out/>
  <testcase classname="loginScenario.verifyLoginScenario" name="verifySuccessfulLogin" time="16.573"/>
  <system-out/>
</testsuite> <!-- loginScenario.verifyLoginScenario -->
