<?xml version="1.0" encoding="UTF-8"?>
<!-- Generated by org.testng.reporters.JUnitReportReporter -->
<testsuite hostname="Prashant" failures="0" tests="1" name="testPackage.AddUserTest" time="17.769" errors="0" timestamp="2022-07-25T11:11:29 IST" skipped="0">
  <testcase classname="testPackage.AddUserTest" name="verifyAddingAdminUser" time="17.769"/>
  <system-out/>
</testsuite> <!-- testPackage.AddUserTest -->
